-------------------------------------------------------------------------------
Test set: org.example.SubtractTest
-------------------------------------------------------------------------------
Tests run: 1, Failures: 1, Errors: 0, Skipped: 0, Time elapsed: 0.001 s <<< FAILURE! - in org.example.SubtractTest
testAddition  Time elapsed: 0.001 s  <<< FAILURE!
org.opentest4j.AssertionFailedError: expected: <2> but was: <6>
	at org.example.SubtractTest.testAddition(SubtractTest.java:11)

